2024-04-20T16:22:40.559563Z 0 [Warning] [MY-010918] [Server] 'default_authentication_plugin' is deprecated and will be removed in a future release. Please use authentication_policy instead.
2024-04-20T16:22:40.559632Z 0 [System] [MY-010116] [Server] C:\Users\HP\Downloads\UniServerZ\core\mysql\bin\mysqld_z.exe (mysqld 8.0.30) starting as process 15796
2024-04-20T16:22:40.597970Z 0 [Warning] [MY-010075] [Server] No existing UUID has been found, so we assume that this is the first time that this server has been started. Generating a new UUID: 357e3bf0-ff32-11ee-b40d-e4e749c2616e.
2024-04-20T16:22:40.605866Z 1 [System] [MY-013576] [InnoDB] InnoDB initialization has started.
2024-04-20T16:22:41.277138Z 1 [System] [MY-013577] [InnoDB] InnoDB initialization has ended.
2024-04-20T16:22:41.694850Z 0 [ERROR] [MY-011947] [InnoDB] Cannot open 'C:\Users\HP\Downloads\UniServerZ\core\mysql\data\ib_buffer_pool' for reading: No such file or directory
2024-04-20T16:22:41.997731Z 0 [Warning] [MY-010068] [Server] CA certificate ca.pem is self signed.
2024-04-20T16:22:41.998417Z 0 [System] [MY-013602] [Server] Channel mysql_main configured to support TLS. Encrypted connections are now supported for this channel.
2024-04-20T16:22:42.186016Z 0 [System] [MY-011323] [Server] X Plugin ready for connections. Bind-address: '::' port: 33060
2024-04-20T16:22:42.186393Z 0 [System] [MY-010931] [Server] C:\Users\HP\Downloads\UniServerZ\core\mysql\bin\mysqld_z.exe: ready for connections. Version: '8.0.30'  socket: ''  port: 3306  MySQL Community Server - GPL.
2024-04-20T16:22:55.225175Z 0 [Warning] [MY-010918] [Server] 'default_authentication_plugin' is deprecated and will be removed in a future release. Please use authentication_policy instead.
2024-04-20T16:22:55.225193Z 0 [System] [MY-010116] [Server] C:\Users\HP\Downloads\UniServerZ\core\mysql\bin\mysqld_z.exe (mysqld 8.0.30) starting as process 13664
2024-04-20T16:22:55.253227Z 1 [System] [MY-013576] [InnoDB] InnoDB initialization has started.
2024-04-20T16:22:56.267505Z 1 [System] [MY-013577] [InnoDB] InnoDB initialization has ended.
2024-04-20T16:22:56.706510Z 0 [System] [MY-010229] [Server] Starting XA crash recovery...
2024-04-20T16:22:56.712101Z 0 [System] [MY-010232] [Server] XA crash recovery finished.
2024-04-20T16:22:56.717774Z 0 [ERROR] [MY-011947] [InnoDB] Cannot open 'C:\Users\HP\Downloads\UniServerZ\core\mysql\data\ib_buffer_pool' for reading: No such file or directory
2024-04-20T16:22:56.767398Z 0 [Warning] [MY-010068] [Server] CA certificate ca.pem is self signed.
2024-04-20T16:22:56.767993Z 0 [System] [MY-013602] [Server] Channel mysql_main configured to support TLS. Encrypted connections are now supported for this channel.
2024-04-20T16:22:56.845022Z 0 [System] [MY-011323] [Server] X Plugin ready for connections. Bind-address: '::' port: 33060
2024-04-20T16:22:56.845346Z 0 [System] [MY-010931] [Server] C:\Users\HP\Downloads\UniServerZ\core\mysql\bin\mysqld_z.exe: ready for connections. Version: '8.0.30'  socket: ''  port: 3306  MySQL Community Server - GPL.
2024-04-20T18:26:59.233042Z 91 [System] [MY-013172] [Server] Received SHUTDOWN from user root. Shutting down mysqld (Version: 8.0.30).
2024-04-20T18:26:59.234289Z 0 [System] [MY-013105] [Server] C:\Users\HP\Downloads\UniServerZ\core\mysql\bin\mysqld_z.exe: Normal shutdown.
2024-04-20T18:27:01.242712Z 0 [Warning] [MY-010909] [Server] C:\Users\HP\Downloads\UniServerZ\core\mysql\bin\mysqld_z.exe: Forcing close of thread 81  user: 'root'.
2024-04-20T18:27:01.247658Z 0 [Warning] [MY-010909] [Server] C:\Users\HP\Downloads\UniServerZ\core\mysql\bin\mysqld_z.exe: Forcing close of thread 82  user: 'root'.
2024-04-20T18:27:02.463332Z 0 [System] [MY-010910] [Server] C:\Users\HP\Downloads\UniServerZ\core\mysql\bin\mysqld_z.exe: Shutdown complete (mysqld 8.0.30)  MySQL Community Server - GPL.
2024-04-20T18:27:37.551551Z 0 [Warning] [MY-010918] [Server] 'default_authentication_plugin' is deprecated and will be removed in a future release. Please use authentication_policy instead.
2024-04-20T18:27:37.551569Z 0 [System] [MY-010116] [Server] C:\Users\HP\Downloads\UniServerZ\core\mysql\bin\mysqld_z.exe (mysqld 8.0.30) starting as process 9196
2024-04-20T18:27:37.573905Z 1 [System] [MY-013576] [InnoDB] InnoDB initialization has started.
2024-04-20T18:27:37.895758Z 1 [System] [MY-013577] [InnoDB] InnoDB initialization has ended.
2024-04-20T18:27:38.593191Z 0 [Warning] [MY-010068] [Server] CA certificate ca.pem is self signed.
2024-04-20T18:27:38.593914Z 0 [System] [MY-013602] [Server] Channel mysql_main configured to support TLS. Encrypted connections are now supported for this channel.
2024-04-20T18:27:38.655395Z 0 [System] [MY-011323] [Server] X Plugin ready for connections. Bind-address: '::' port: 33060
2024-04-20T18:27:38.655664Z 0 [System] [MY-010931] [Server] C:\Users\HP\Downloads\UniServerZ\core\mysql\bin\mysqld_z.exe: ready for connections. Version: '8.0.30'  socket: ''  port: 3306  MySQL Community Server - GPL.
2024-04-20T19:51:34.690594Z 103 [System] [MY-013172] [Server] Received SHUTDOWN from user root. Shutting down mysqld (Version: 8.0.30).
2024-04-20T19:51:34.691488Z 0 [System] [MY-013105] [Server] C:\Users\HP\Downloads\UniServerZ\core\mysql\bin\mysqld_z.exe: Normal shutdown.
2024-04-20T19:51:35.249613Z 0 [System] [MY-010910] [Server] C:\Users\HP\Downloads\UniServerZ\core\mysql\bin\mysqld_z.exe: Shutdown complete (mysqld 8.0.30)  MySQL Community Server - GPL.
2024-04-20T23:14:13.461970Z 0 [Warning] [MY-010918] [Server] 'default_authentication_plugin' is deprecated and will be removed in a future release. Please use authentication_policy instead.
2024-04-20T23:14:13.461992Z 0 [System] [MY-010116] [Server] C:\Users\HP\Downloads\UniServerZ\core\mysql\bin\mysqld_z.exe (mysqld 8.0.30) starting as process 9220
2024-04-20T23:14:13.491797Z 1 [System] [MY-013576] [InnoDB] InnoDB initialization has started.
2024-04-20T23:14:14.055522Z 1 [System] [MY-013577] [InnoDB] InnoDB initialization has ended.
2024-04-20T23:14:14.970091Z 0 [Warning] [MY-010068] [Server] CA certificate ca.pem is self signed.
2024-04-20T23:14:14.970838Z 0 [System] [MY-013602] [Server] Channel mysql_main configured to support TLS. Encrypted connections are now supported for this channel.
2024-04-20T23:14:15.054441Z 0 [System] [MY-011323] [Server] X Plugin ready for connections. Bind-address: '::' port: 33060
2024-04-20T23:14:15.054740Z 0 [System] [MY-010931] [Server] C:\Users\HP\Downloads\UniServerZ\core\mysql\bin\mysqld_z.exe: ready for connections. Version: '8.0.30'  socket: ''  port: 3306  MySQL Community Server - GPL.
2024-04-21T15:01:24.391694Z 0 [Warning] [MY-010918] [Server] 'default_authentication_plugin' is deprecated and will be removed in a future release. Please use authentication_policy instead.
2024-04-21T15:01:24.391716Z 0 [System] [MY-010116] [Server] C:\Users\HP\Downloads\UniServerZ\core\mysql\bin\mysqld_z.exe (mysqld 8.0.30) starting as process 1748
2024-04-21T15:01:24.470268Z 1 [System] [MY-013576] [InnoDB] InnoDB initialization has started.
2024-04-21T15:01:25.932626Z 1 [System] [MY-013577] [InnoDB] InnoDB initialization has ended.
2024-04-21T15:01:26.756723Z 0 [System] [MY-010229] [Server] Starting XA crash recovery...
2024-04-21T15:01:26.762332Z 0 [System] [MY-010232] [Server] XA crash recovery finished.
2024-04-21T15:01:26.870080Z 0 [Warning] [MY-010068] [Server] CA certificate ca.pem is self signed.
2024-04-21T15:01:26.870873Z 0 [System] [MY-013602] [Server] Channel mysql_main configured to support TLS. Encrypted connections are now supported for this channel.
2024-04-21T15:01:26.963569Z 0 [System] [MY-011323] [Server] X Plugin ready for connections. Bind-address: '::' port: 33060
2024-04-21T15:01:26.963853Z 0 [System] [MY-010931] [Server] C:\Users\HP\Downloads\UniServerZ\core\mysql\bin\mysqld_z.exe: ready for connections. Version: '8.0.30'  socket: ''  port: 3306  MySQL Community Server - GPL.
2024-04-21T23:47:28.118040Z 0 [Warning] [MY-010918] [Server] 'default_authentication_plugin' is deprecated and will be removed in a future release. Please use authentication_policy instead.
2024-04-21T23:47:28.118058Z 0 [System] [MY-010116] [Server] C:\Users\HP\Downloads\UniServerZ\core\mysql\bin\mysqld_z.exe (mysqld 8.0.30) starting as process 15152
2024-04-21T23:47:28.164995Z 1 [System] [MY-013576] [InnoDB] InnoDB initialization has started.
2024-04-21T23:47:29.507674Z 1 [System] [MY-013577] [InnoDB] InnoDB initialization has ended.
2024-04-21T23:47:30.179023Z 0 [System] [MY-010229] [Server] Starting XA crash recovery...
2024-04-21T23:47:30.183209Z 0 [System] [MY-010232] [Server] XA crash recovery finished.
2024-04-21T23:47:30.288551Z 0 [Warning] [MY-010068] [Server] CA certificate ca.pem is self signed.
2024-04-21T23:47:30.289149Z 0 [System] [MY-013602] [Server] Channel mysql_main configured to support TLS. Encrypted connections are now supported for this channel.
2024-04-21T23:47:30.359900Z 0 [System] [MY-011323] [Server] X Plugin ready for connections. Bind-address: '::' port: 33060
2024-04-21T23:47:30.360341Z 0 [System] [MY-010931] [Server] C:\Users\HP\Downloads\UniServerZ\core\mysql\bin\mysqld_z.exe: ready for connections. Version: '8.0.30'  socket: ''  port: 3306  MySQL Community Server - GPL.
2024-04-22T14:48:04.345533Z 0 [Warning] [MY-010918] [Server] 'default_authentication_plugin' is deprecated and will be removed in a future release. Please use authentication_policy instead.
2024-04-22T14:48:04.345551Z 0 [System] [MY-010116] [Server] C:\Users\HP\Downloads\UniServerZ\core\mysql\bin\mysqld_z.exe (mysqld 8.0.30) starting as process 1756
2024-04-22T14:48:04.392703Z 1 [System] [MY-013576] [InnoDB] InnoDB initialization has started.
2024-04-22T14:48:05.621049Z 1 [System] [MY-013577] [InnoDB] InnoDB initialization has ended.
2024-04-22T14:48:06.375079Z 0 [System] [MY-010229] [Server] Starting XA crash recovery...
2024-04-22T14:48:06.379927Z 0 [System] [MY-010232] [Server] XA crash recovery finished.
2024-04-22T14:48:06.493941Z 0 [Warning] [MY-010068] [Server] CA certificate ca.pem is self signed.
2024-04-22T14:48:06.494552Z 0 [System] [MY-013602] [Server] Channel mysql_main configured to support TLS. Encrypted connections are now supported for this channel.
2024-04-22T14:48:06.582760Z 0 [System] [MY-011323] [Server] X Plugin ready for connections. Bind-address: '::' port: 33060
2024-04-22T14:48:06.583021Z 0 [System] [MY-010931] [Server] C:\Users\HP\Downloads\UniServerZ\core\mysql\bin\mysqld_z.exe: ready for connections. Version: '8.0.30'  socket: ''  port: 3306  MySQL Community Server - GPL.
